<?xml version="1.0" encoding="UTF-8"?>
<!-- Generated by org.testng.reporters.JUnitReportReporter -->
<testsuite hostname="DESKTOP-V6P045J" failures="0" tests="2" name="com.opencart.testlayer.Logintest" time="30.026" errors="0" timestamp="2024-09-15T20:38:47 IST" skipped="0">
  <testcase classname="com.opencart.testlayer.Logintest" name="verifyLoginTestWithInValidDetails" time="15.064"/>
  <testcase classname="com.opencart.testlayer.Logintest" name="verifyLoginTestWithValidDetails" time="14.962"/>
</testsuite> <!-- com.opencart.testlayer.Logintest -->
