<?xml version="1.0" encoding="UTF-8"?>
<!-- Generated by org.testng.reporters.JUnitReportReporter -->
<testsuite hostname="DESKTOP-V6P045J" failures="0" tests="2" name="com.opencart.testlayer.Logintest" time="23.515" errors="0" timestamp="2024-10-20T11:54:36 IST" skipped="0">
  <testcase classname="com.opencart.testlayer.Logintest" name="verifyLoginTestWithInValidDetails" time="10.725"/>
  <testcase classname="com.opencart.testlayer.Logintest" name="verifyLoginTestWithValidDetails" time="12.790"/>
</testsuite> <!-- com.opencart.testlayer.Logintest -->
